<?xml version="1.0" encoding="UTF-8"?>
<!-- Generated by org.testng.reporters.JUnitReportReporter -->
<testsuite hostname="LAPTOP-LIQ39GJJ" failures="0" tests="1" name="KnilaProject.Baseclass" time="0.010" errors="0" timestamp="2023-11-14T13:58:27 IST" skipped="0">
  <testcase classname="KnilaProject.Baseclass" name="readConfig" time="0.010"/>
  <system-out/>
</testsuite> <!-- KnilaProject.Baseclass -->
