<?xml version="1.0" encoding="UTF-8"?>
<!-- Generated by org.testng.reporters.JUnitReportReporter -->
<testsuite hostname="LAPTOP-LIQ39GJJ" failures="0" tests="3" name="KnilaProject.PatientRecordTest" time="0.016" errors="0" timestamp="2023-11-09T22:13:27 IST" skipped="0">
  <testcase classname="KnilaProject.PatientRecordTest" name="login" time="0.011"/>
  <system-out/>
  <testcase classname="KnilaProject.PatientRecordTest" name="registerPatient" time="0.002"/>
  <system-out/>
  <testcase classname="KnilaProject.PatientRecordTest" name="confirmPatientDetails" time="0.003"/>
  <system-out/>
</testsuite> <!-- KnilaProject.PatientRecordTest -->
