<?xml version="1.0" encoding="UTF-8"?>
<!-- Generated by org.testng.reporters.JUnitReportReporter -->
<testsuite hostname="LAPTOP-LIQ39GJJ" failures="0" tests="13" name="KnilaProject.HealthcareApplicationTest" time="159.587" errors="0" timestamp="2023-11-18T18:44:19 IST" skipped="0">
  <testcase classname="KnilaProject.HealthcareApplicationTest" name="userLogin" time="3.309"/>
  <system-out/>
  <testcase classname="KnilaProject.HealthcareApplicationTest" name="verifyDashboardRedirect" time="0.144"/>
  <system-out/>
  <testcase classname="KnilaProject.HealthcareApplicationTest" name="registerPatient" time="18.853"/>
  <system-out/>
  <testcase classname="KnilaProject.HealthcareApplicationTest" name="calculateAge" time="12.965"/>
  <system-out/>
  <testcase classname="KnilaProject.HealthcareApplicationTest" name="uploadAttachment" time="21.082"/>
  <system-out/>
  <testcase classname="KnilaProject.HealthcareApplicationTest" name="verifyAttachment" time="11.962"/>
  <system-out/>
  <testcase classname="KnilaProject.HealthcareApplicationTest" name="recentEntry" time="0.292"/>
  <system-out/>
  <testcase classname="KnilaProject.HealthcareApplicationTest" name="verifyDisplayedBMI" time="18.403"/>
  <system-out/>
  <testcase classname="KnilaProject.HealthcareApplicationTest" name="calculatedBMI" time="14.994"/>
  <system-out/>
  <testcase classname="KnilaProject.HealthcareApplicationTest" name="captureVitals" time="5.402"/>
  <system-out/>
  <testcase classname="KnilaProject.HealthcareApplicationTest" name="mergeVisits" time="22.516"/>
  <system-out/>
  <testcase classname="KnilaProject.HealthcareApplicationTest" name="addPastVisit" time="20.341"/>
  <system-out/>
  <testcase classname="KnilaProject.HealthcareApplicationTest" name="deletePatient" time="9.324"/>
  <system-out/>
</testsuite> <!-- KnilaProject.HealthcareApplicationTest -->
